<?xml version="1.0" encoding="UTF-8"?>
<!-- Generated by org.testng.reporters.JUnitXMLReporter -->
<testsuite ignored="0" hostname="BRILLIANT" failures="1" tests="3" name="Test" time="133.66" errors="0" timestamp="2025-02-20T11:11:29 IST">
  <testcase classname="firstapp.CarterationHistory" name="UserLoginandSignup" time="0.006">
    <failure type="java.lang.Error" message="Unresolved compilation problems: 
	The method findElement(By) in the type RemoteWebDriver is not applicable for the arguments (String)
	Syntax error, insert &amp;quot;;&amp;quot; to complete Statement
">
      <![CDATA[java.lang.Error: Unresolved compilation problems: 
The method findElement(By) in the type RemoteWebDriver is not applicable for the arguments (String)
Syntax error, insert ";" to complete Statement

at firstapp.CarterationHistory.UserLoginandSignup(CarterationHistory.java:56)
at java.base/java.util.ArrayList.forEach(ArrayList.java:1597)
... Removed 25 stack frames]]>
    </failure>
  </testcase> <!-- UserLoginandSignup -->
  <testcase classname="firstapp.Apptest" name="UserLoginandSignup" time="43.69"/>
  <testcase classname="firstapp.MapLoadingandStationFiltering" name="UserLoginandSignup" time="54.784"/>
</testsuite> <!-- Test -->
